<?xml version="1.0" encoding="UTF-8"?>
<!-- Generated by org.testng.reporters.JUnitXMLReporter -->
<testsuite hostname="vbegari-01" name="Personal Loan" tests="4" failures="1" timestamp="20 May 2020 17:40:25 GMT" time="0.056" errors="0">
  <testcase name="demo" time="0.012" classname="testpack.Day1">
    <failure type="java.lang.AssertionError" message="expected [true] but found [false]">
      <![CDATA[java.lang.AssertionError: expected [true] but found [false]
	at testpack.Day1.demo(Day1.java:19)
... Removed 29 stack frames]]>
    </failure>
  </testcase> <!-- demo -->
  <testcase name="secondtest" time="0.0" classname="testpack.Day1"/>
  <testcase name="ThirdTest" time="0.004" classname="testpack.Day2"/>
  <testcase name="apiloginHomeloan" time="0.004" classname="testpack.Day4"/>
</testsuite> <!-- Personal Loan -->
