<?xml version="1.0" encoding="UTF-8"?>
<!-- Generated by org.testng.reporters.JUnitXMLReporter -->
<testsuite hostname="vbegari-01" name="Regression" tests="4" failures="0" timestamp="20 May 2020 16:53:35 GMT" time="0.064" errors="0">
  <testcase name="completename" time="0.008" classname="testpack.Parameter_data1"/>
  <testcase name="demo" time="0.004" classname="testpack.Parameter_data1"/>
  <testcase name="secondtest" time="0.0" classname="testpack.Parameter_data1"/>
  <testcase name="ThirdTest" time="0.0" classname="testpack.Day2"/>
</testsuite> <!-- Regression -->
