<?xml version="1.0" encoding="UTF-8"?>
<!-- Generated by org.testng.reporters.JUnitXMLReporter -->
<testsuite hostname="vbegari-01" name="Default test" tests="4" failures="0" timestamp="20 May 2020 15:06:59 GMT" time="0.065" errors="0">
  <testcase name="mobileSignInCarloan" time="0.008" classname="testpack.Day3"/>
  <testcase name="mobileloginCarloan" time="0.005" classname="testpack.Day3"/>
  <testcase name="webloginCarloan" time="0.001" classname="testpack.Day3"/>
  <testcase name="apiloginCarloan" time="0.001" classname="testpack.Day3"/>
</testsuite> <!-- Default test -->
